19:12:53: Creating resource group General
19:12:53: Creating resource group Internal
19:12:53: Creating resource group Autodetect
19:12:53: SceneManagerFactory for type 'DefaultSceneManager' registered.
19:12:53: Registering ResourceManager for type Material
19:12:53: Registering ResourceManager for type Mesh
19:12:53: Registering ResourceManager for type Skeleton
19:12:53: MovableObjectFactory for type 'ParticleSystem' registered.
19:12:53: OverlayElementFactory for type Panel registered.
19:12:53: OverlayElementFactory for type BorderPanel registered.
19:12:53: OverlayElementFactory for type TextArea registered.
19:12:53: Registering ResourceManager for type Font
19:12:53: ArchiveFactory for archive type FileSystem registered.
19:12:53: ArchiveFactory for archive type Zip registered.
19:12:53: DDS codec registering
19:12:53: FreeImage version: 3.15.4
19:12:53: This program uses FreeImage, a free, open source image library supporting all common bitmap formats. See http://freeimage.sourceforge.net for details
19:12:53: Supported formats: bmp,ico,jpg,jif,jpeg,jpe,jng,koa,iff,lbm,mng,pbm,pbm,pcd,pcx,pgm,pgm,png,ppm,ppm,ras,tga,targa,tif,tiff,wap,wbmp,wbm,psd,cut,xbm,xpm,gif,hdr,g3,sgi,exr,j2k,j2c,jp2,pfm,pct,pict,pic,3fr,arw,bay,bmq,cap,cine,cr2,crw,cs1,dc2,dcr,drf,dsc,dng,erf,fff,ia,iiq,k25,kc2,kdc,mdc,mef,mos,mrw,nef,nrw,orf,pef,ptx,pxn,qtk,raf,raw,rdc,rw2,rwl,rwz,sr2,srf,srw,sti
19:12:53: Registering ResourceManager for type HighLevelGpuProgram
19:12:53: Registering ResourceManager for type Compositor
19:12:53: MovableObjectFactory for type 'Entity' registered.
19:12:53: MovableObjectFactory for type 'Light' registered.
19:12:53: MovableObjectFactory for type 'BillboardSet' registered.
19:12:53: MovableObjectFactory for type 'ManualObject' registered.
19:12:53: MovableObjectFactory for type 'BillboardChain' registered.
19:12:53: MovableObjectFactory for type 'RibbonTrail' registered.
19:12:53: Loading library /usr/lib/OGRE/RenderSystem_GL
19:12:53: Installing plugin: GL RenderSystem
19:12:53: OpenGL Rendering Subsystem created.
19:12:53: Plugin successfully installed
19:12:53: Loading library /usr/lib/OGRE/Plugin_ParticleFX
19:12:53: Installing plugin: ParticleFX
19:12:53: Particle Emitter Type 'Point' registered
19:12:53: Particle Emitter Type 'Box' registered
19:12:53: Particle Emitter Type 'Ellipsoid' registered
19:12:53: Particle Emitter Type 'Cylinder' registered
19:12:53: Particle Emitter Type 'Ring' registered
19:12:53: Particle Emitter Type 'HollowEllipsoid' registered
19:12:53: Particle Affector Type 'LinearForce' registered
19:12:53: Particle Affector Type 'ColourFader' registered
19:12:53: Particle Affector Type 'ColourFader2' registered
19:12:53: Particle Affector Type 'ColourImage' registered
19:12:53: Particle Affector Type 'ColourInterpolator' registered
19:12:53: Particle Affector Type 'Scaler' registered
19:12:53: Particle Affector Type 'Rotator' registered
19:12:53: Particle Affector Type 'DirectionRandomiser' registered
19:12:53: Particle Affector Type 'DeflectorPlane' registered
19:12:53: Plugin successfully installed
19:12:53: Loading library /usr/lib/OGRE/Plugin_BSPSceneManager
19:12:53: Installing plugin: BSP Scene Manager
19:12:53: Plugin successfully installed
19:12:53: Loading library /usr/lib/OGRE/Plugin_OctreeSceneManager
19:12:53: Installing plugin: Octree & Terrain Scene Manager
19:12:53: Plugin successfully installed
19:12:53: Loading library /usr/lib/OGRE/Plugin_CgProgramManager
19:12:53: Installing plugin: Cg Program Manager
19:12:53: Plugin successfully installed
19:12:53: *-*-* OGRE Initialising
19:12:53: *-*-* Version 1.7.2 (Cthugha)
19:12:53: Creating resource group Bootstrap
19:12:53: Added resource location 'data/packs/OgreCore.zip' of type 'Zip' to resource group 'Bootstrap'
19:12:53: Added resource location 'data/material/programs' of type 'FileSystem' to resource group 'General'
19:12:53: Added resource location 'data/meshes' of type 'FileSystem' to resource group 'General'
19:12:53: Added resource location 'data/material/scripts' of type 'FileSystem' to resource group 'General'
19:12:53: Added resource location 'data/material/textures' of type 'FileSystem' to resource group 'General'
19:12:53: Added resource location 'data/primitives' of type 'FileSystem' to resource group 'General'
19:12:53: Added resource location 'data/Icons' of type 'FileSystem' to resource group 'General'
19:12:53: Added resource location 'data/Hydrax_media/overlays' of type 'FileSystem' to resource group 'General'
19:12:53: Added resource location 'data/Hydrax_media' of type 'FileSystem' to resource group 'General'
19:12:53: Added resource location 'data/Hydrax_media/materials/programs' of type 'FileSystem' to resource group 'General'
19:12:53: Added resource location 'data/Hydrax_media/materials/scripts' of type 'FileSystem' to resource group 'General'
19:12:53: Added resource location 'data/Hydrax_media/materials/textures' of type 'FileSystem' to resource group 'General'
19:12:53: Added resource location 'data/Hydrax_media/models' of type 'FileSystem' to resource group 'General'
19:12:53: Added resource location 'data/Hydrax_media/packs/SkyBoxes.zip' of type 'Zip' to resource group 'General'
19:12:53: Creating resource group Hydrax
19:12:53: Added resource location 'data/Hydrax_media/Hydrax' of type 'FileSystem' to resource group 'Hydrax'
19:12:53: Added resource location 'data/packs/cubemapsJS.zip' of type 'Zip' to resource group 'Hydrax'
19:12:53: Added resource location 'data/packs/OgreCore.zip' of type 'Zip' to resource group 'Hydrax'
19:12:53: Added resource location 'data/packs/skybox.zip' of type 'Zip' to resource group 'Hydrax'
19:12:53: CPU Identifier & Features
19:12:53: -------------------------
19:12:53:  *   CPU ID: GenuineIntel: Intel(R) Core(TM) i7-3770 CPU @ 3.40GHz
19:12:53:  *      SSE: yes
19:12:53:  *     SSE2: yes
19:12:53:  *     SSE3: yes
19:12:53:  *      MMX: yes
19:12:53:  *   MMXEXT: yes
19:12:53:  *    3DNOW: no
19:12:53:  * 3DNOWEXT: no
19:12:53:  *     CMOV: yes
19:12:53:  *      TSC: yes
19:12:53:  *      FPU: yes
19:12:53:  *      PRO: yes
19:12:53:  *       HT: no
19:12:53: -------------------------
19:12:53: ******************************
*** Starting GLX Subsystem ***
******************************
19:12:53: GLRenderSystem::_createRenderWindow "Evolutionary Computing Systems Lab (ECSL) ENTity Game Engine (ECSLENT), University of Nevada, Reno", 1920x984 fullscreen  miscParams: FSAA=0 displayFrequency=60 MHz gamma=No vsync=No 
19:12:53: GLXWindow::create used FBConfigID = 163
19:12:53: GL_VERSION = 2.1 Mesa 10.1.3
19:12:53: GL_VENDOR = VMware, Inc.
19:12:53: GL_RENDERER = Gallium 0.4 on SVGA3D; build: RELEASE;  
19:12:53: GL_EXTENSIONS = GL_ARB_multisample GL_EXT_abgr GL_EXT_bgra GL_EXT_blend_color GL_EXT_blend_minmax GL_EXT_blend_subtract GL_EXT_copy_texture GL_EXT_polygon_offset GL_EXT_subtexture GL_EXT_texture_object GL_EXT_vertex_array GL_EXT_compiled_vertex_array GL_EXT_texture GL_EXT_texture3D GL_IBM_rasterpos_clip GL_ARB_point_parameters GL_EXT_draw_range_elements GL_EXT_packed_pixels GL_EXT_point_parameters GL_EXT_rescale_normal GL_EXT_separate_specular_color GL_EXT_texture_edge_clamp GL_SGIS_generate_mipmap GL_SGIS_texture_border_clamp GL_SGIS_texture_edge_clamp GL_SGIS_texture_lod GL_ARB_framebuffer_sRGB GL_ARB_multitexture GL_EXT_framebuffer_sRGB GL_IBM_multimode_draw_arrays GL_IBM_texture_mirrored_repeat GL_ARB_texture_cube_map GL_ARB_texture_env_add GL_ARB_transpose_matrix GL_EXT_blend_func_separate GL_EXT_fog_coord GL_EXT_multi_draw_arrays GL_EXT_secondary_color GL_EXT_texture_env_add GL_EXT_texture_filter_anisotropic GL_EXT_texture_lod_bias GL_INGR_blend_func_separate GL_NV_blend_square GL_NV_light_max_exponent GL_NV_texgen_reflection GL_NV_texture_env_combine4 GL_S3_s3tc GL_SUN_multi_draw_arrays GL_ARB_texture_border_clamp GL_ARB_texture_compression GL_EXT_framebuffer_object GL_EXT_texture_compression_s3tc GL_EXT_texture_env_combine GL_EXT_texture_env_dot3 GL_MESA_window_pos GL_NV_packed_depth_stencil GL_NV_texture_rectangle GL_ARB_depth_texture GL_ARB_occlusion_query GL_ARB_shadow GL_ARB_texture_env_combine GL_ARB_texture_env_crossbar GL_ARB_texture_env_dot3 GL_ARB_texture_mirrored_repeat GL_ARB_window_pos GL_EXT_stencil_two_side GL_EXT_texture_cube_map GL_NV_fog_distance GL_APPLE_packed_pixels GL_APPLE_vertex_array_object GL_ARB_draw_buffers GL_ARB_fragment_program GL_ARB_fragment_shader GL_ARB_shader_objects GL_ARB_vertex_program GL_ARB_vertex_shader GL_ATI_draw_buffers GL_ATI_texture_env_combine3 GL_ATI_texture_float GL_EXT_shadow_funcs GL_EXT_stencil_wrap GL_MESA_pack_invert GL_NV_primitive_restart GL_ARB_fragment_program_shadow GL_ARB_half_float_pixel GL_ARB_occlusion_query2 GL_ARB_point_sprite GL_ARB_shading_language_100 GL_ARB_sync GL_ARB_texture_non_power_of_two GL_ARB_vertex_buffer_object GL_ATI_blend_equation_separate GL_EXT_blend_equation_separate GL_OES_read_format GL_ARB_color_buffer_float GL_ARB_pixel_buffer_object GL_ARB_texture_float GL_ARB_texture_rectangle GL_EXT_pixel_buffer_object GL_EXT_texture_compression_dxt1 GL_EXT_texture_rectangle GL_EXT_texture_sRGB GL_ARB_framebuffer_object GL_EXT_framebuffer_blit GL_EXT_packed_depth_stencil GL_ARB_vertex_array_object GL_ATI_separate_stencil GL_EXT_gpu_program_parameters GL_EXT_texture_sRGB_decode GL_OES_EGL_image GL_ARB_copy_buffer GL_ARB_half_float_vertex GL_ARB_map_buffer_range GL_ARB_texture_swizzle GL_ARB_vertex_array_bgra GL_EXT_texture_swizzle GL_EXT_vertex_array_bgra GL_ARB_ES2_compatibility GL_ARB_debug_output GL_ARB_draw_elements_base_vertex GL_ARB_explicit_attrib_location GL_ARB_fragment_coord_conventions GL_ARB_provoking_vertex GL_ARB_sampler_objects GL_ARB_shader_texture_lod GL_EXT_provoking_vertex GL_ARB_get_program_binary GL_ARB_robustness GL_NV_vdpau_interop GL_ANGLE_texture_compression_dxt3 GL_ANGLE_texture_compression_dxt5 GL_ARB_internalformat_query GL_ARB_map_buffer_alignment GL_ARB_texture_storage GL_AMD_shader_trinary_minmax GL_ARB_clear_buffer_object GL_ARB_invalidate_subdata GL_ARB_vertex_attrib_binding GL_KHR_debug 
19:12:53: Supported GLX extensions: GLX_ARB_create_context GLX_ARB_create_context_profile GLX_ARB_fbconfig_float GLX_ARB_framebuffer_sRGB GLX_ARB_get_proc_address GLX_ARB_multisample GLX_EXT_import_context GLX_EXT_visual_info GLX_EXT_visual_rating GLX_EXT_framebuffer_sRGB GLX_EXT_create_context_es2_profile GLX_MESA_copy_sub_buffer GLX_MESA_multithread_makecurrent GLX_MESA_swap_control GLX_OML_swap_method GLX_SGI_make_current_read GLX_SGI_video_sync GLX_SGIS_multisample GLX_SGIX_fbconfig GLX_SGIX_pbuffer GLX_SGIX_visual_select_group GLX_EXT_texture_from_pixmap 
19:12:53: ***************************
19:12:53: *** GL Renderer Started ***
19:12:53: ***************************
19:12:53: Registering ResourceManager for type GpuProgram
19:12:53: GLSL support detected
19:12:53: GL: Using GL_EXT_framebuffer_object for rendering to textures (best)
19:12:53: FBO PF_UNKNOWN depth/stencil support: D0S1 D0S4 D0S8 D0S16 D16S0 D24S0 D32S0 Packed-D24S8 
19:12:53: FBO PF_L8 depth/stencil support: D0S0 D0S1 D0S4 D0S8 D0S16 D16S0 D24S0 D32S0 Packed-D24S8 
19:12:53: FBO PF_L16 depth/stencil support: D0S0 D0S1 D0S4 D0S8 D0S16 D16S0 D24S0 D32S0 Packed-D24S8 
19:12:53: FBO PF_A8 depth/stencil support: D0S0 D0S1 D0S4 D0S8 D0S16 D16S0 D24S0 D32S0 Packed-D24S8 
19:12:53: FBO PF_A4L4 depth/stencil support: D0S0 D0S1 D0S4 D0S8 D0S16 D16S0 D24S0 D32S0 Packed-D24S8 
19:12:54: FBO PF_BYTE_LA depth/stencil support: D0S0 D0S1 D0S4 D0S8 D0S16 D16S0 D24S0 D32S0 Packed-D24S8 
19:12:54: FBO PF_R8G8B8 depth/stencil support: D0S0 D0S1 D0S4 D0S8 D0S16 D16S0 D24S0 D32S0 Packed-D24S8 
19:12:54: FBO PF_B8G8R8 depth/stencil support: D0S0 D0S1 D0S4 D0S8 D0S16 D16S0 D24S0 D32S0 Packed-D24S8 
19:12:54: FBO PF_A8R8G8B8 depth/stencil support: D0S0 D0S1 D0S4 D0S8 D0S16 D16S0 D24S0 D32S0 Packed-D24S8 
19:12:54: FBO PF_B8G8R8A8 depth/stencil support: D0S0 D0S1 D0S4 D0S8 D0S16 D16S0 D24S0 D32S0 Packed-D24S8 
19:12:54: FBO PF_A2R10G10B10 depth/stencil support: D0S0 D0S1 D0S4 D0S8 D0S16 D16S0 D24S0 D32S0 Packed-D24S8 
19:12:54: FBO PF_A2B10G10R10 depth/stencil support: D0S0 D0S1 D0S4 D0S8 D0S16 D16S0 D24S0 D32S0 Packed-D24S8 
19:12:54: FBO PF_FLOAT16_RGB depth/stencil support: D0S0 D0S1 D0S4 D0S8 D0S16 D16S0 D24S0 D32S0 Packed-D24S8 
19:12:54: FBO PF_FLOAT16_RGBA depth/stencil support: D0S0 D0S1 D0S4 D0S8 D0S16 D16S0 D24S0 D32S0 Packed-D24S8 
19:12:54: FBO PF_FLOAT32_RGB depth/stencil support: D0S0 D0S1 D0S4 D0S8 D0S16 D16S0 D24S0 D32S0 Packed-D24S8 
19:12:54: FBO PF_FLOAT32_RGBA depth/stencil support: D0S0 D0S1 D0S4 D0S8 D0S16 D16S0 D24S0 D32S0 Packed-D24S8 
19:12:54: FBO PF_X8R8G8B8 depth/stencil support: D0S0 D0S1 D0S4 D0S8 D0S16 D16S0 D24S0 D32S0 Packed-D24S8 
19:12:54: FBO PF_X8B8G8R8 depth/stencil support: D0S0 D0S1 D0S4 D0S8 D0S16 D16S0 D24S0 D32S0 Packed-D24S8 
19:12:54: FBO PF_SHORT_RGBA depth/stencil support: D0S0 D0S1 D0S4 D0S8 D0S16 D16S0 D24S0 D32S0 Packed-D24S8 
19:12:54: FBO PF_R3G3B2 depth/stencil support: D0S0 D0S1 D0S4 D0S8 D0S16 D16S0 D24S0 D32S0 Packed-D24S8 
19:12:54: FBO PF_FLOAT16_R depth/stencil support: D0S0 D0S1 D0S4 D0S8 D0S16 D16S0 D24S0 D32S0 Packed-D24S8 
19:12:54: FBO PF_FLOAT32_R depth/stencil support: D0S0 D0S1 D0S4 D0S8 D0S16 D16S0 D24S0 D32S0 Packed-D24S8 
19:12:54: FBO PF_SHORT_GR depth/stencil support: D0S0 D0S1 D0S4 D0S8 D0S16 D16S0 D24S0 D32S0 Packed-D24S8 
19:12:54: FBO PF_FLOAT16_GR depth/stencil support: D0S0 D0S1 D0S4 D0S8 D0S16 D16S0 D24S0 D32S0 Packed-D24S8 
19:12:54: FBO PF_FLOAT32_GR depth/stencil support: D0S0 D0S1 D0S4 D0S8 D0S16 D16S0 D24S0 D32S0 Packed-D24S8 
19:12:54: FBO PF_SHORT_RGB depth/stencil support: D0S0 D0S1 D0S4 D0S8 D0S16 D16S0 D24S0 D32S0 Packed-D24S8 
19:12:54: [GL] : Valid FBO targets PF_UNKNOWN PF_L8 PF_L16 PF_A8 PF_A4L4 PF_BYTE_LA PF_R8G8B8 PF_B8G8R8 PF_A8R8G8B8 PF_B8G8R8A8 PF_A2R10G10B10 PF_A2B10G10R10 PF_FLOAT16_RGB PF_FLOAT16_RGBA PF_FLOAT32_RGB PF_FLOAT32_RGBA PF_X8R8G8B8 PF_X8B8G8R8 PF_SHORT_RGBA PF_R3G3B2 PF_FLOAT16_R PF_FLOAT32_R PF_SHORT_GR PF_FLOAT16_GR PF_FLOAT32_GR PF_SHORT_RGB 
19:12:54: RenderSystem capabilities
19:12:54: -------------------------
19:12:54: RenderSystem Name: OpenGL Rendering Subsystem
19:12:54: GPU Vendor: unknown
19:12:54: Device Name: Gallium 0.4 on SVGA3D; build: RELEASE;  
19:12:54: Driver Version: 2.1.0.0
19:12:54:  * Fixed function pipeline: yes
19:12:54:  * Hardware generation of mipmaps: yes
19:12:54:  * Texture blending: yes
19:12:54:  * Anisotropic texture filtering: yes
19:12:54:  * Dot product texture operation: yes
19:12:54:  * Cube mapping: yes
19:12:54:  * Hardware stencil buffer: yes
19:12:54:    - Stencil depth: 8
19:12:54:    - Two sided stencil support: yes
19:12:54:    - Wrap stencil values: yes
19:12:54:  * Hardware vertex / index buffers: yes
19:12:54:  * Vertex programs: yes
19:12:54:  * Number of floating-point constants for vertex programs: 256
19:12:54:  * Number of integer constants for vertex programs: 0
19:12:54:  * Number of boolean constants for vertex programs: 0
19:12:54:  * Fragment programs: yes
19:12:54:  * Number of floating-point constants for fragment programs: 224
19:12:54:  * Number of integer constants for fragment programs: 0
19:12:54:  * Number of boolean constants for fragment programs: 0
19:12:54:  * Geometry programs: no
19:12:54:  * Number of floating-point constants for geometry programs: 0
19:12:54:  * Number of integer constants for geometry programs: 0
19:12:54:  * Number of boolean constants for geometry programs: 0
19:12:54:  * Supported Shader Profiles: arbfp1 arbvp1 glsl
19:12:54:  * Texture Compression: yes
19:12:54:    - DXT: yes
19:12:54:    - VTC: no
19:12:54:    - PVRTC: no
19:12:54:  * Scissor Rectangle: yes
19:12:54:  * Hardware Occlusion Query: yes
19:12:54:  * User clip planes: yes
19:12:54:  * VET_UBYTE4 vertex element type: yes
19:12:54:  * Infinite far plane projection: yes
19:12:54:  * Hardware render-to-texture: yes
19:12:54:  * Floating point textures: yes
19:12:54:  * Non-power-of-two textures: yes
19:12:54:  * Volume textures: yes
19:12:54:  * Multiple Render Targets: 4
19:12:54:    - With different bit depths: yes
19:12:54:  * Point Sprites: yes
19:12:54:  * Extended point parameters: yes
19:12:54:  * Max Point Size: 80
19:12:54:  * Vertex texture fetch: no
19:12:54:  * Number of world matrices: 0
19:12:54:  * Number of texture units: 16
19:12:54:  * Stencil buffer depth: 8
19:12:54:  * Number of vertex blend matrices: 0
19:12:54:  * Render to Vertex Buffer : no
19:12:54:  * GL 1.5 without VBO workaround: no
19:12:54:  * Frame Buffer objects: yes
19:12:54:  * Frame Buffer objects (ARB extension): no
19:12:54:  * Frame Buffer objects (ATI extension): no
19:12:54:  * PBuffer support: yes
19:12:54:  * GL 1.5 without HW-occlusion workaround: no
19:12:54: Registering ResourceManager for type Texture
19:12:54: DefaultWorkQueue('Root') initialising on thread 7ff2ea6da740.
19:12:54: Particle Renderer Type 'billboard' registered
19:12:54: SceneManagerFactory for type 'BspSceneManager' registered.
19:12:54: Registering ResourceManager for type BspLevel
19:12:54: SceneManagerFactory for type 'OctreeSceneManager' registered.
19:12:54: SceneManagerFactory for type 'TerrainSceneManager' registered.
19:12:54: DefaultWorkQueue('Root')::WorkerFunc - thread 7ff2c46da700 starting.
19:12:54: DefaultWorkQueue('Root')::WorkerFunc - thread 7ff2c64eb700 starting.
19:12:54: Parsing scripts for resource group Autodetect
19:12:54: Finished parsing scripts for resource group Autodetect
19:12:54: Parsing scripts for resource group Bootstrap
19:12:54: Parsing script OgreCore.material
19:12:54: Parsing script OgreProfiler.material
19:12:54: Parsing script Ogre.fontdef
19:12:54: Parsing script OgreDebugPanel.overlay
19:12:54: Texture: New_Ogre_Border_Center.png: Loading 1 faces(PF_A8R8G8B8,256x128x1) with 5 hardware generated mipmaps from Image. Internal format is PF_A8R8G8B8,256x128x1.
19:12:54: Texture: New_Ogre_Border.png: Loading 1 faces(PF_A8R8G8B8,256x256x1) with 5 hardware generated mipmaps from Image. Internal format is PF_A8R8G8B8,256x256x1.
19:12:54: Texture: New_Ogre_Border_Break.png: Loading 1 faces(PF_A8R8G8B8,32x32x1) with 5 hardware generated mipmaps from Image. Internal format is PF_A8R8G8B8,32x32x1.
19:12:54: Texture: ogretext.png: Loading 1 faces(PF_A8R8G8B8,256x128x1) with 5 hardware generated mipmaps from Image. Internal format is PF_A8R8G8B8,256x128x1.
19:12:54: Parsing script OgreLoadingPanel.overlay
19:12:54: Finished parsing scripts for resource group Bootstrap
19:12:54: Parsing scripts for resource group General
19:12:54: Parsing script StdQuad_vp.program
19:12:54: Parsing script Examples.program
19:12:54: GLSL compiled : Ogre/BasicVertexPrograms/AmbientOneTextureGLSL
19:12:54: GLSL compiled : Ogre/HardwareSkinningTwoWeightsGLSL
19:12:54: Parsing script Examples-Advanced.material
19:12:54: Compiler error: object unsupported by render system in Examples-Advanced.material(381)
19:12:54: Parsing script CGSwizzle.material
19:12:54: Parsing script Halftone.material
19:12:54: Parsing script IsoSurf.material
19:12:54: Parsing script shipInfo.material
19:12:54: Parsing script OffsetMapping.material
19:12:54: Compiler error: object unsupported by render system in OffsetMapping.material(18)
19:12:54: GLSL compiled : Examples/OffsetMappingIntegratedShadowsFPglsl
19:12:54: GLSL compiled : Examples/OffsetMappingIntegratedShadowsVPglsl
19:12:54: Parsing script RadialBlur.material
19:12:54: Parsing script missile.material
19:12:54: Compiler error: unknown error in missile.material(7): token "59.4555039496997," is not recognized
19:12:54: Parsing script Tiling.material
19:12:54: Parsing script SharpenEdges.material
19:12:54: Parsing script wake.material
19:12:54: Parsing script Example-Water.material
19:12:54: Parsing script Laplace.material
19:12:54: Parsing script DOF.material
19:12:54: Parsing script Invert.material
19:12:54: Parsing script smoke.material
19:12:54: Parsing script pssm.material
19:12:54: Parsing script ParticleGS.material
19:12:54: Parsing script Example-DynTex.material
19:12:54: Parsing script Embossed.material
19:12:54: Parsing script ASCII.material
19:12:54: Parsing script alienship.material
19:12:54: Compiler error: unknown error in alienship.material(90): token "1.0," is not recognized
19:12:54: Parsing script Example.material
19:12:54: OGRE EXCEPTION(2:InvalidParametersException): Parameter called camObjPos does not exist.  in GpuProgramParameters::_findNamedConstantDefinition at /home/anderen2/build/ogre/OgreMain/src/OgreGpuProgramParams.cpp (line 1433)
19:12:54: Compiler error: invalid parameters in Example.material(762): setting of constant failed
19:12:54: GLSL compiled : Ogre/HardwareSkinningTwoWeightsShadowCasterGLSL
19:12:54: Parsing script HeatVision.material
19:12:54: Parsing script MotionBlur.material
19:12:54: Parsing script rmenu.material
19:12:54: Parsing script cursor.material
19:12:54: Parsing script hdr.material
19:12:54: GLSL compiled : Ogre/Compositor/HDR/downscale2x2LuminenceGLSL_fp
19:12:54: GLSL compiled : Ogre/Compositor/StdQuad_GLSL_vp
19:12:54: GLSL compiled : Ogre/Compositor/HDR/downscale3x3GLSL_fp
19:12:54: GLSL compiled : Ogre/Compositor/HDR/utils_fp
19:12:54: GLSL compiled : Ogre/Compositor/HDR/downscale3x3brightpassGLSL_fp
19:12:54: GLSL compiled : Ogre/Compositor/HDR/bloomGLSL_fp
19:12:54: GLSL compiled : Ogre/Compositor/HDR/utils_fp
19:12:54: GLSL compiled : Ogre/Compositor/HDR/finaltonemappingGLSL_fp
19:12:54: Parsing script cigarette.material
19:12:54: Parsing script DepthShadowmap.material
19:12:54: GLSL compiled : Ogre/DepthShadowmap/CasterVP_GLSL
19:12:54: GLSL compiled : Ogre/DepthShadowmap/CasterFP_GLSL
19:12:54: GLSL compiled : Ogre/DepthShadowmap/ReceiverVP_GLSL
19:12:54: GLSL compiled : Ogre/DepthShadowmap/ReceiverFP_GLSL
19:12:54: GLSL compiled : Ogre/DepthShadowmap/ReceiverFPPCF_GLSL
19:12:54: GLSL compiled : Ogre/DepthShadowmap/NormalMapReceiverVP_GLSL
19:12:54: GLSL compiled : Ogre/DepthShadowmap/NormalMapReceiverFP_GLSL
19:12:54: GLSL compiled : Ogre/DepthShadowmap/NormalMapReceiverFPPCF_GLSL
19:12:54: Parsing script NightVision.material
19:12:54: Parsing script MRTtest.material
19:12:54: GLSL compiled : Ogre/MRTtest/scenefp/GLSL
19:12:54: GLSL compiled : Ogre/MRTtest/quadfp/GLSL
19:12:54: Parsing script Glass.material
19:12:54: Parsing script f1Overlay.material
19:12:54: Parsing script instancing.material
19:12:54: GLSL compiled : InstancingGLSL
19:12:54: GLSL compiled : InstancingShadowCasterGLSL
19:12:54: GLSL compiled : CrowdGLSL
19:12:54: GLSL compiled : CrowdShadowCasterGLSL
19:12:54: Parsing script sleek.material
19:12:54: Parsing script ui.material
19:12:54: Parsing script Posterize.material
19:12:54: Parsing script Scene.material
19:12:54: Parsing script OgreOcean.material
19:12:54: GLSL compiled : GLSL/OceanVS
19:12:54: GLSL compiled : GLSL/OceanFS
19:12:54: GLSL compiled : GLSL/Ocean2VS
19:12:54: GLSL compiled : GLSL/Ocean2FS
19:12:54: Parsing script OldMovie.material
19:12:54: Parsing script ASMSwizzle.material
19:12:54: Compiler error: object unsupported by render system in ASMSwizzle.material(1)
19:12:54: Parsing script GLSLSwizzle.material
19:12:54: GLSL compiled : Ogre/GPTest/Passthrough_VP_GLSL
19:12:54: Parsing script ddg51.material
19:12:54: Parsing script button.material
19:12:54: Parsing script OldTV.material
19:12:54: Parsing script Dither.material
19:12:54: Parsing script sailboat.material
19:12:54: Compiler error: unknown error in sailboat.material(87): token "60.0," is not recognized
19:12:54: Parsing script cvn68.material
19:12:54: Parsing script RZR-002.material
19:12:54: Parsing script Hurt.material
19:12:54: Parsing script BlackAndWhite.material
19:12:54: Parsing script boat.material
19:12:54: Parsing script Bloom.material
19:12:54: GLSL compiled : Blur_ps_glsl
19:12:54: GLSL compiled : Blur0_vs_glsl
19:12:54: GLSL compiled : Blur1_vs_glsl
19:12:54: Parsing script Ogre.material
19:12:54: Parsing script Bloom2.material
19:12:54: GLSL compiled : Bloom2_ps20_glsl
19:12:54: Parsing script VarianceShadowmap.material
19:12:54: Parsing script facial.material
19:12:54: Parsing script RudderDisc.material
19:12:54: Parsing script SquareX.material
19:12:54: Parsing script SmallBoatOverlay2.material
19:12:54: Parsing script SmallBoatOverlay.material
19:12:54: Parsing script OffsetMapping.material
19:12:54: Parsing script SkyBox.material
19:12:54: Parsing script Palm.material
19:12:54: Parsing script Island.material
19:12:54: Parsing script Examples.compositor
19:12:54: Finished parsing scripts for resource group General
19:12:54: Parsing scripts for resource group Hydrax
19:12:54: Parsing script OgreCore.material
19:12:54: Parsing script OgreProfiler.material
19:12:54: Parsing script Ogre.fontdef
19:12:54: Parsing script OgreDebugPanel.overlay
19:12:54: Skipping loading overlay include: 'OgreDebugPanel.overlay as it is already loaded.
19:12:54: Parsing script OgreLoadingPanel.overlay
19:12:54: Skipping loading overlay include: 'OgreLoadingPanel.overlay as it is already loaded.
19:12:54: Finished parsing scripts for resource group Hydrax
19:12:54: Parsing scripts for resource group Internal
19:12:54: Finished parsing scripts for resource group Internal
19:12:54: TerrainSceneManager: Registered a new PageSource for type Heightmap
19:12:54: Texture: rmenuLine.png: Loading 1 faces(PF_R8G8B8,128x128x1) with 5 hardware generated mipmaps from Image. Internal format is PF_X8R8G8B8,128x128x1.
19:12:54: Texture: ecslentUI3.png: Loading 1 faces(PF_A8R8G8B8,1024x768x1) with 5 hardware generated mipmaps from Image. Internal format is PF_A8R8G8B8,1024x768x1.
19:12:54: Texture: metal0.jpg: Loading 1 faces(PF_R8G8B8,259x195x1) with 5 hardware generated mipmaps from Image. Internal format is PF_X8R8G8B8,259x195x1.
19:12:54: Texture: f1OverlayTex.png: Loading 1 faces(PF_A8R8G8B8,128x128x1) with 5 hardware generated mipmaps from Image. Internal format is PF_A8R8G8B8,128x128x1.
19:12:54: Texture: rmenu.png: Loading 1 faces(PF_A8R8G8B8,128x128x1) with 5 hardware generated mipmaps from Image. Internal format is PF_A8R8G8B8,128x128x1.
19:12:55: Texture: NoiseVolume.dds: Loading 1 faces(PF_L8,128x128x128) with 5 hardware generated mipmaps from Image. Internal format is PF_L8,128x128x128.
19:12:55: Texture: cloudy_noon.jpg: Loading 6 faces(PF_R8G8B8,512x512x1) with 5 hardware generated mipmaps from multiple Images. Internal format is PF_X8R8G8B8,512x512x1.
19:12:55: Texture: clouds.jpg: Loading 1 faces(PF_R8G8B8,256x256x1) with 5 hardware generated mipmaps from Image. Internal format is PF_X8R8G8B8,256x256x1.
19:12:55: Mesh: Loading ddg51.mesh.
19:12:55: WARNING: ddg51.mesh is an older format ([MeshSerializer_v1.40]); you should upgrade it as soon as possible using the OgreMeshUpgrade tool.
19:12:55: Texture: ecslHorizontal.bmp: Loading 1 faces(PF_R8G8B8,128x128x1) with 5 hardware generated mipmaps from Image. Internal format is PF_X8R8G8B8,128x128x1.
19:12:55: Mesh: Loading sleek.mesh.
19:12:55: WARNING: sleek.mesh is an older format ([MeshSerializer_v1.40]); you should upgrade it as soon as possible using the OgreMeshUpgrade tool.
19:12:55: Texture: ecsl.bmp: Loading 1 faces(PF_R8G8B8,128x128x1) with 5 hardware generated mipmaps from Image. Internal format is PF_X8R8G8B8,128x128x1.
19:12:55: Mesh: Loading alienship.mesh.
19:12:55: WARNING: alienship.mesh is an older format ([MeshSerializer_v1.40]); you should upgrade it as soon as possible using the OgreMeshUpgrade tool.
19:12:55: Texture: ALM07.JPG: Loading 1 faces(PF_R8G8B8,512x512x1) with 5 hardware generated mipmaps from Image. Internal format is PF_X8R8G8B8,512x512x1.
19:12:55: Mesh: Loading smallBoatOverlay.mesh.
19:12:55: Mesh: Loading smallBoatOverlay2.mesh.
19:12:55: Mesh: Loading sailboat.mesh.
19:12:55: WARNING: sailboat.mesh is an older format ([MeshSerializer_v1.40]); you should upgrade it as soon as possible using the OgreMeshUpgrade tool.
19:12:55: Texture: Wood_Lumber_ButtJoined.jpg: Loading 1 faces(PF_R8G8B8,512x256x1) with 5 hardware generated mipmaps from Image. Internal format is PF_X8R8G8B8,512x256x1.
19:12:55: Mesh: Loading cvn68.mesh.
19:12:55: WARNING: cvn68.mesh is an older format ([MeshSerializer_v1.40]); you should upgrade it as soon as possible using the OgreMeshUpgrade tool.
19:12:55: Texture: ecslDark.bmp: Loading 1 faces(PF_R8G8B8,128x128x1) with 5 hardware generated mipmaps from Image. Internal format is PF_X8R8G8B8,128x128x1.
19:12:55: Mesh: Loading boat.mesh.
19:12:55: WARNING: boat.mesh is an older format ([MeshSerializer_v1.40]); you should upgrade it as soon as possible using the OgreMeshUpgrade tool.
19:12:55: Mesh: Loading cigarette.mesh.
19:12:55: WARNING: cigarette.mesh is an older format ([MeshSerializer_v1.40]); you should upgrade it as soon as possible using the OgreMeshUpgrade tool.
19:12:55: Font BlueHighwayusing texture size 512x512
19:12:55: Info: Freetype returned null for character 127 in font BlueHighway
19:12:55: Info: Freetype returned null for character 128 in font BlueHighway
19:12:55: Info: Freetype returned null for character 129 in font BlueHighway
19:12:55: Info: Freetype returned null for character 130 in font BlueHighway
19:12:55: Info: Freetype returned null for character 131 in font BlueHighway
19:12:55: Info: Freetype returned null for character 132 in font BlueHighway
19:12:55: Info: Freetype returned null for character 133 in font BlueHighway
19:12:55: Info: Freetype returned null for character 134 in font BlueHighway
19:12:55: Info: Freetype returned null for character 135 in font BlueHighway
19:12:55: Info: Freetype returned null for character 136 in font BlueHighway
19:12:55: Info: Freetype returned null for character 137 in font BlueHighway
19:12:55: Info: Freetype returned null for character 138 in font BlueHighway
19:12:55: Info: Freetype returned null for character 139 in font BlueHighway
19:12:55: Info: Freetype returned null for character 140 in font BlueHighway
19:12:55: Info: Freetype returned null for character 141 in font BlueHighway
19:12:55: Info: Freetype returned null for character 142 in font BlueHighway
19:12:55: Info: Freetype returned null for character 143 in font BlueHighway
19:12:55: Info: Freetype returned null for character 144 in font BlueHighway
19:12:55: Info: Freetype returned null for character 145 in font BlueHighway
19:12:55: Info: Freetype returned null for character 146 in font BlueHighway
19:12:55: Info: Freetype returned null for character 147 in font BlueHighway
19:12:55: Info: Freetype returned null for character 148 in font BlueHighway
19:12:55: Info: Freetype returned null for character 149 in font BlueHighway
19:12:55: Info: Freetype returned null for character 150 in font BlueHighway
19:12:55: Info: Freetype returned null for character 151 in font BlueHighway
19:12:55: Info: Freetype returned null for character 152 in font BlueHighway
19:12:55: Info: Freetype returned null for character 153 in font BlueHighway
19:12:55: Info: Freetype returned null for character 154 in font BlueHighway
19:12:55: Info: Freetype returned null for character 155 in font BlueHighway
19:12:55: Info: Freetype returned null for character 156 in font BlueHighway
19:12:55: Info: Freetype returned null for character 157 in font BlueHighway
19:12:55: Info: Freetype returned null for character 158 in font BlueHighway
19:12:55: Info: Freetype returned null for character 159 in font BlueHighway
19:12:55: Info: Freetype returned null for character 160 in font BlueHighway
19:12:55: Texture: BlueHighwayTexture: Loading 1 faces(PF_BYTE_LA,512x512x1) with  hardware generated mipmaps from Image. Internal format is PF_BYTE_LA,512x512x1.
19:12:55: Texture: wake.png: Loading 1 faces(PF_A8R8G8B8,256x256x1) with 5 hardware generated mipmaps from Image. Internal format is PF_A8R8G8B8,256x256x1.
